<?xml version="1.0" encoding="UTF-8" ?>
<testsuite tests="6" failures="0" name="com.service.test.ContactServiceImplTest" time="0.009" errors="0" skipped="0">
  <properties>
[...]
</properties>
  <testcase classname="com.service.test.ContactServiceImplTest" name="testGetContactById" time="0.009"/>
  <testcase classname="com.service.test.ContactServiceImplTest" name="testGetNameById_01" time="0"/>
  <testcase classname="com.service.test.ContactServiceImplTest" name="testGetAllNames" time="0"/>
  <testcase classname="com.service.test.ContactServiceImplTest" name="testGetNameById" time="0"/>
  <testcase classname="com.service.test.ContactServiceImplTest" name="testGetAllNames_01" time="0"/>
  <testcase classname="com.service.test.ContactServiceImplTest" name="testGetContactById_01" time="0"/>
</testsuite>